==4000109== Memcheck, a memory error detector
==4000109== Copyright (C) 2002-2017, and GNU GPL'd, by Julian Seward et al.
==4000109== Using Valgrind-3.18.1 and LibVEX; rerun with -h for copyright info
==4000109== Command: ./pa02 1 0.0 10.0 20 10 output.fs
==4000109== Parent PID: 3986363
==4000109== 
==4000109== Invalid write of size 8
==4000109==    at 0x109A6F: fourier_coefficients (answer02.c:172)
==4000109==    by 0x109575: main (pa02.c:171)
==4000109==  Address 0x4b95040 is 0 bytes after a block of size 0 alloc'd
==4000109==    at 0x4848899: malloc (in /usr/libexec/valgrind/vgpreload_memcheck-amd64-linux.so)
==4000109==    by 0x10950F: main (pa02.c:157)
==4000109== 
==4000109== 
==4000109== HEAP SUMMARY:
==4000109==     in use at exit: 0 bytes in 0 blocks
==4000109==   total heap usage: 2 allocs, 2 frees, 0 bytes allocated
==4000109== 
==4000109== All heap blocks were freed -- no leaks are possible
==4000109== 
==4000109== For lists of detected and suppressed errors, rerun with: -s
==4000109== ERROR SUMMARY: 1 errors from 1 contexts (suppressed: 0 from 0)
